==================================================
[2026-04-21T10:25:23+07:00] START feed update automation
Using compose dir: /workspace
Using log file: /app/logs/feed-update.log
Force update: false
Resolved compose file: /workspace/docker-compose.yml
Feed services: vulnerability-tests notus-data scap-data cert-bund-data dfn-cert-data report-formats data-objects
Checking feed images one by one...
--------------------------------------------------
Service: vulnerability-tests
Image:   registry.community.greenbone.net/community/vulnerability-tests
Before:  sha256:c7387d3eb4f9c157aa3997010ace814c6dc8b8b2984351845ba719ee056825d9
Pull attempt 1/3 for registry.community.greenbone.net/community/vulnerability-tests
Using default tag: latest
latest: Pulling from community/vulnerability-tests
Digest: sha256:c7387d3eb4f9c157aa3997010ace814c6dc8b8b2984351845ba719ee056825d9
Status: Image is up to date for registry.community.greenbone.net/community/vulnerability-tests:latest
registry.community.greenbone.net/community/vulnerability-tests:latest
After:   sha256:c7387d3eb4f9c157aa3997010ace814c6dc8b8b2984351845ba719ee056825d9
No image change for service 'vulnerability-tests'
--------------------------------------------------
Service: notus-data
Image:   registry.community.greenbone.net/community/notus-data
Before:  sha256:39b8530fdc137bb310fc5794a9f8da65c9d794c6a818859453491203213cd653
Pull attempt 1/3 for registry.community.greenbone.net/community/notus-data
Using default tag: latest
latest: Pulling from community/notus-data
Digest: sha256:39b8530fdc137bb310fc5794a9f8da65c9d794c6a818859453491203213cd653
Status: Image is up to date for registry.community.greenbone.net/community/notus-data:latest
registry.community.greenbone.net/community/notus-data:latest
After:   sha256:39b8530fdc137bb310fc5794a9f8da65c9d794c6a818859453491203213cd653
No image change for service 'notus-data'
--------------------------------------------------
Service: scap-data
Image:   registry.community.greenbone.net/community/scap-data
Before:  sha256:b19e69b7ccd0256e39281dd3ab00b8259af35cc97da45827a6313f492f6ecdfb
Pull attempt 1/3 for registry.community.greenbone.net/community/scap-data
Using default tag: latest
latest: Pulling from community/scap-data
Digest: sha256:b19e69b7ccd0256e39281dd3ab00b8259af35cc97da45827a6313f492f6ecdfb
Status: Image is up to date for registry.community.greenbone.net/community/scap-data:latest
registry.community.greenbone.net/community/scap-data:latest
After:   sha256:b19e69b7ccd0256e39281dd3ab00b8259af35cc97da45827a6313f492f6ecdfb
No image change for service 'scap-data'
--------------------------------------------------
Service: cert-bund-data
Image:   registry.community.greenbone.net/community/cert-bund-data
Before:  sha256:56183366c4354482e18a4584846c1d7ff294d5b907fde78812ddd5dd009e42c4
Pull attempt 1/3 for registry.community.greenbone.net/community/cert-bund-data
Using default tag: latest
latest: Pulling from community/cert-bund-data
Digest: sha256:56183366c4354482e18a4584846c1d7ff294d5b907fde78812ddd5dd009e42c4
Status: Image is up to date for registry.community.greenbone.net/community/cert-bund-data:latest
registry.community.greenbone.net/community/cert-bund-data:latest
After:   sha256:56183366c4354482e18a4584846c1d7ff294d5b907fde78812ddd5dd009e42c4
No image change for service 'cert-bund-data'
--------------------------------------------------
Service: dfn-cert-data
Image:   registry.community.greenbone.net/community/dfn-cert-data
Before:  sha256:8d923eaa24f0971156440a2df09a5c337f389b1b87642c59fc02258884ef3953
Pull attempt 1/3 for registry.community.greenbone.net/community/dfn-cert-data
Using default tag: latest
latest: Pulling from community/dfn-cert-data
Digest: sha256:8d923eaa24f0971156440a2df09a5c337f389b1b87642c59fc02258884ef3953
Status: Image is up to date for registry.community.greenbone.net/community/dfn-cert-data:latest
registry.community.greenbone.net/community/dfn-cert-data:latest
After:   sha256:8d923eaa24f0971156440a2df09a5c337f389b1b87642c59fc02258884ef3953
No image change for service 'dfn-cert-data'
--------------------------------------------------
Service: report-formats
Image:   registry.community.greenbone.net/community/report-formats
Before:  sha256:c6a0e8beb7a1d3d39153f1d9ff75db897c5505ba6ef05d7f4fd4be8cb59de7fd
Pull attempt 1/3 for registry.community.greenbone.net/community/report-formats
Using default tag: latest
latest: Pulling from community/report-formats
Digest: sha256:c6a0e8beb7a1d3d39153f1d9ff75db897c5505ba6ef05d7f4fd4be8cb59de7fd
Status: Image is up to date for registry.community.greenbone.net/community/report-formats:latest
registry.community.greenbone.net/community/report-formats:latest
After:   sha256:c6a0e8beb7a1d3d39153f1d9ff75db897c5505ba6ef05d7f4fd4be8cb59de7fd
No image change for service 'report-formats'
--------------------------------------------------
Service: data-objects
Image:   registry.community.greenbone.net/community/data-objects
Before:  sha256:d94431499e701d3950f21885ecc73745c421853758f43e3ed8c7a5fcbf3c8429
Pull attempt 1/3 for registry.community.greenbone.net/community/data-objects
Using default tag: latest
latest: Pulling from community/data-objects
Digest: sha256:d94431499e701d3950f21885ecc73745c421853758f43e3ed8c7a5fcbf3c8429
Status: Image is up to date for registry.community.greenbone.net/community/data-objects:latest
registry.community.greenbone.net/community/data-objects:latest
After:   sha256:d94431499e701d3950f21885ecc73745c421853758f43e3ed8c7a5fcbf3c8429
No image change for service 'data-objects'
No new feed updates found.
UPDATED=false
RESULT_TYPE=no_update
[2026-04-21T10:25:36+07:00] FEED CHECK DONE (NO UPDATE)
==================================================
